{"C:\\Users\\gilia\\OneDrive\\Documentos\\Estudos\\GitHub\\Estoque_de_Loja_-_CRUD_de_produtos\\src\\app.js": {"path":"C:\\Users\\gilia\\OneDrive\\Documentos\\Estudos\\GitHub\\Estoque_de_Loja_-_CRUD_de_produtos\\src\\app.js","statementMap":{"0":{"start":{"line":1,"column":16},"end":{"line":1,"column":34}},"1":{"start":{"line":2,"column":12},"end":{"line":2,"column":21}},"2":{"start":{"line":3,"column":14},"end":{"line":3,"column":18}},"3":{"start":{"line":4,"column":23},"end":{"line":4,"column":58}},"4":{"start":{"line":5,"column":23},"end":{"line":5,"column":58}},"5":{"start":{"line":6,"column":27},"end":{"line":6,"column":67}},"6":{"start":{"line":9,"column":0},"end":{"line":9,"column":23}},"7":{"start":{"line":11,"column":0},"end":{"line":11,"column":23}},"8":{"start":{"line":13,"column":0},"end":{"line":13,"column":24}},"9":{"start":{"line":15,"column":0},"end":{"line":15,"column":24}},"10":{"start":{"line":19,"column":0},"end":{"line":19,"column":21}}},"fnMap":{},"branchMap":{},"s":{"0":1,"1":1,"2":1,"3":1,"4":1,"5":1,"6":1,"7":1,"8":1,"9":1,"10":1},"f":{},"b":{},"_coverageSchema":"1a1c01bbd47fc00a2c39e90264f33305004495a9","hash":"0e0ed9d821632f422ae529f4e3bde1b48c21bf69"}
,"C:\\Users\\gilia\\OneDrive\\Documentos\\Estudos\\GitHub\\Estoque_de_Loja_-_CRUD_de_produtos\\src\\controllers\\produtos.controller.js": {"path":"C:\\Users\\gilia\\OneDrive\\Documentos\\Estudos\\GitHub\\Estoque_de_Loja_-_CRUD_de_produtos\\src\\controllers\\produtos.controller.js","statementMap":{"0":{"start":{"line":1,"column":16},"end":{"line":1,"column":32}},"1":{"start":{"line":3,"column":0},"end":{"line":20,"column":1}},"2":{"start":{"line":4,"column":2},"end":{"line":19,"column":3}},"3":{"start":{"line":5,"column":17},"end":{"line":5,"column":38}},"4":{"start":{"line":7,"column":26},"end":{"line":9,"column":7}},"5":{"start":{"line":11,"column":6},"end":{"line":13,"column":7}},"6":{"start":{"line":12,"column":10},"end":{"line":12,"column":74}},"7":{"start":{"line":15,"column":6},"end":{"line":15,"column":48}},"8":{"start":{"line":18,"column":4},"end":{"line":18,"column":22}},"9":{"start":{"line":22,"column":0},"end":{"line":45,"column":1}},"10":{"start":{"line":23,"column":2},"end":{"line":44,"column":3}},"11":{"start":{"line":24,"column":53},"end":{"line":24,"column":62}},"12":{"start":{"line":26,"column":21},"end":{"line":26,"column":42}},"13":{"start":{"line":28,"column":6},"end":{"line":34,"column":7}},"14":{"start":{"line":29,"column":30},"end":{"line":32,"column":11}},"15":{"start":{"line":33,"column":10},"end":{"line":33,"column":49}},"16":{"start":{"line":36,"column":26},"end":{"line":39,"column":7}},"17":{"start":{"line":40,"column":6},"end":{"line":40,"column":45}},"18":{"start":{"line":43,"column":4},"end":{"line":43,"column":22}},"19":{"start":{"line":47,"column":0},"end":{"line":66,"column":2}},"20":{"start":{"line":48,"column":2},"end":{"line":65,"column":3}},"21":{"start":{"line":49,"column":51},"end":{"line":49,"column":59}},"22":{"start":{"line":51,"column":4},"end":{"line":55,"column":5}},"23":{"start":{"line":52,"column":6},"end":{"line":54,"column":72}},"24":{"start":{"line":57,"column":24},"end":{"line":59,"column":43}},"25":{"start":{"line":60,"column":6},"end":{"line":60,"column":98}},"26":{"start":{"line":63,"column":4},"end":{"line":63,"column":22}},"27":{"start":{"line":68,"column":0},"end":{"line":84,"column":2}},"28":{"start":{"line":69,"column":2},"end":{"line":83,"column":3}},"29":{"start":{"line":70,"column":15},"end":{"line":70,"column":36}},"30":{"start":{"line":71,"column":51},"end":{"line":71,"column":59}},"31":{"start":{"line":73,"column":24},"end":{"line":75,"column":47}},"32":{"start":{"line":77,"column":6},"end":{"line":78,"column":72}},"33":{"start":{"line":78,"column":8},"end":{"line":78,"column":72}},"34":{"start":{"line":79,"column":6},"end":{"line":79,"column":78}},"35":{"start":{"line":82,"column":4},"end":{"line":82,"column":22}},"36":{"start":{"line":86,"column":0},"end":{"line":100,"column":2}},"37":{"start":{"line":87,"column":2},"end":{"line":99,"column":3}},"38":{"start":{"line":88,"column":15},"end":{"line":88,"column":36}},"39":{"start":{"line":90,"column":24},"end":{"line":92,"column":11}},"40":{"start":{"line":93,"column":6},"end":{"line":94,"column":72}},"41":{"start":{"line":94,"column":8},"end":{"line":94,"column":72}},"42":{"start":{"line":95,"column":6},"end":{"line":95,"column":36}},"43":{"start":{"line":98,"column":4},"end":{"line":98,"column":22}}},"fnMap":{"0":{"name":"(anonymous_0)","decl":{"start":{"line":3,"column":25},"end":{"line":3,"column":26}},"loc":{"start":{"line":3,"column":51},"end":{"line":20,"column":1}},"line":3},"1":{"name":"(anonymous_1)","decl":{"start":{"line":22,"column":26},"end":{"line":22,"column":27}},"loc":{"start":{"line":22,"column":52},"end":{"line":45,"column":1}},"line":22},"2":{"name":"(anonymous_2)","decl":{"start":{"line":47,"column":28},"end":{"line":47,"column":29}},"loc":{"start":{"line":47,"column":54},"end":{"line":66,"column":1}},"line":47},"3":{"name":"(anonymous_3)","decl":{"start":{"line":68,"column":25},"end":{"line":68,"column":26}},"loc":{"start":{"line":68,"column":51},"end":{"line":84,"column":1}},"line":68},"4":{"name":"(anonymous_4)","decl":{"start":{"line":86,"column":26},"end":{"line":86,"column":27}},"loc":{"start":{"line":86,"column":52},"end":{"line":100,"column":1}},"line":86}},"branchMap":{"0":{"loc":{"start":{"line":11,"column":6},"end":{"line":13,"column":7}},"type":"if","locations":[{"start":{"line":11,"column":6},"end":{"line":13,"column":7}},{"start":{},"end":{}}],"line":11},"1":{"loc":{"start":{"line":24,"column":25},"end":{"line":24,"column":35}},"type":"default-arg","locations":[{"start":{"line":24,"column":34},"end":{"line":24,"column":35}}],"line":24},"2":{"loc":{"start":{"line":24,"column":37},"end":{"line":24,"column":48}},"type":"default-arg","locations":[{"start":{"line":24,"column":46},"end":{"line":24,"column":48}}],"line":24},"3":{"loc":{"start":{"line":28,"column":6},"end":{"line":34,"column":7}},"type":"if","locations":[{"start":{"line":28,"column":6},"end":{"line":34,"column":7}},{"start":{},"end":{}}],"line":28},"4":{"loc":{"start":{"line":51,"column":4},"end":{"line":55,"column":5}},"type":"if","locations":[{"start":{"line":51,"column":4},"end":{"line":55,"column":5}},{"start":{},"end":{}}],"line":51},"5":{"loc":{"start":{"line":51,"column":8},"end":{"line":51,"column":38}},"type":"binary-expr","locations":[{"start":{"line":51,"column":8},"end":{"line":51,"column":13}},{"start":{"line":51,"column":17},"end":{"line":51,"column":23}},{"start":{"line":51,"column":27},"end":{"line":51,"column":38}}],"line":51},"6":{"loc":{"start":{"line":77,"column":6},"end":{"line":78,"column":72}},"type":"if","locations":[{"start":{"line":77,"column":6},"end":{"line":78,"column":72}},{"start":{},"end":{}}],"line":77},"7":{"loc":{"start":{"line":93,"column":6},"end":{"line":94,"column":72}},"type":"if","locations":[{"start":{"line":93,"column":6},"end":{"line":94,"column":72}},{"start":{},"end":{}}],"line":93}},"s":{"0":1,"1":1,"2":0,"3":0,"4":0,"5":0,"6":0,"7":0,"8":0,"9":1,"10":0,"11":0,"12":0,"13":0,"14":0,"15":0,"16":0,"17":0,"18":0,"19":1,"20":0,"21":0,"22":0,"23":0,"24":0,"25":0,"26":0,"27":1,"28":0,"29":0,"30":0,"31":0,"32":0,"33":0,"34":0,"35":0,"36":1,"37":0,"38":0,"39":0,"40":0,"41":0,"42":0,"43":0},"f":{"0":0,"1":0,"2":0,"3":0,"4":0},"b":{"0":[0,0],"1":[0],"2":[0],"3":[0,0],"4":[0,0],"5":[0,0,0],"6":[0,0],"7":[0,0]},"_coverageSchema":"1a1c01bbd47fc00a2c39e90264f33305004495a9","hash":"858751e52a5524374b3dc3e65d5551da710e65ce"}
,"C:\\Users\\gilia\\OneDrive\\Documentos\\Estudos\\GitHub\\Estoque_de_Loja_-_CRUD_de_produtos\\src\\controllers\\usuarios.controller.js": {"path":"C:\\Users\\gilia\\OneDrive\\Documentos\\Estudos\\GitHub\\Estoque_de_Loja_-_CRUD_de_produtos\\src\\controllers\\usuarios.controller.js","statementMap":{"0":{"start":{"line":1,"column":15},"end":{"line":1,"column":32}},"1":{"start":{"line":2,"column":16},"end":{"line":2,"column":32}},"2":{"start":{"line":3,"column":12},"end":{"line":3,"column":35}},"3":{"start":{"line":5,"column":0},"end":{"line":28,"column":2}},"4":{"start":{"line":6,"column":4},"end":{"line":27,"column":5}},"5":{"start":{"line":7,"column":39},"end":{"line":7,"column":47}},"6":{"start":{"line":9,"column":8},"end":{"line":11,"column":9}},"7":{"start":{"line":10,"column":12},"end":{"line":10,"column":90}},"8":{"start":{"line":13,"column":21},"end":{"line":13,"column":49}},"9":{"start":{"line":15,"column":28},"end":{"line":18,"column":9}},"10":{"start":{"line":20,"column":8},"end":{"line":20,"column":77}},"11":{"start":{"line":23,"column":8},"end":{"line":25,"column":9}},"12":{"start":{"line":24,"column":12},"end":{"line":24,"column":73}},"13":{"start":{"line":26,"column":8},"end":{"line":26,"column":26}},"14":{"start":{"line":30,"column":0},"end":{"line":66,"column":2}},"15":{"start":{"line":31,"column":4},"end":{"line":65,"column":5}},"16":{"start":{"line":32,"column":33},"end":{"line":32,"column":41}},"17":{"start":{"line":34,"column":8},"end":{"line":36,"column":9}},"18":{"start":{"line":35,"column":12},"end":{"line":35,"column":84}},"19":{"start":{"line":38,"column":28},"end":{"line":41,"column":9}},"20":{"start":{"line":43,"column":24},"end":{"line":43,"column":36}},"21":{"start":{"line":45,"column":8},"end":{"line":47,"column":9}},"22":{"start":{"line":46,"column":12},"end":{"line":46,"column":78}},"23":{"start":{"line":49,"column":29},"end":{"line":49,"column":71}},"24":{"start":{"line":51,"column":8},"end":{"line":53,"column":9}},"25":{"start":{"line":52,"column":12},"end":{"line":52,"column":78}},"26":{"start":{"line":55,"column":22},"end":{"line":59,"column":9}},"27":{"start":{"line":61,"column":8},"end":{"line":61,"column":47}},"28":{"start":{"line":64,"column":8},"end":{"line":64,"column":26}}},"fnMap":{"0":{"name":"(anonymous_0)","decl":{"start":{"line":5,"column":20},"end":{"line":5,"column":21}},"loc":{"start":{"line":5,"column":46},"end":{"line":28,"column":1}},"line":5},"1":{"name":"(anonymous_1)","decl":{"start":{"line":30,"column":16},"end":{"line":30,"column":17}},"loc":{"start":{"line":30,"column":42},"end":{"line":66,"column":1}},"line":30}},"branchMap":{"0":{"loc":{"start":{"line":9,"column":8},"end":{"line":11,"column":9}},"type":"if","locations":[{"start":{"line":9,"column":8},"end":{"line":11,"column":9}},{"start":{},"end":{}}],"line":9},"1":{"loc":{"start":{"line":9,"column":12},"end":{"line":9,"column":37}},"type":"binary-expr","locations":[{"start":{"line":9,"column":12},"end":{"line":9,"column":17}},{"start":{"line":9,"column":21},"end":{"line":9,"column":27}},{"start":{"line":9,"column":31},"end":{"line":9,"column":37}}],"line":9},"2":{"loc":{"start":{"line":23,"column":8},"end":{"line":25,"column":9}},"type":"if","locations":[{"start":{"line":23,"column":8},"end":{"line":25,"column":9}},{"start":{},"end":{}}],"line":23},"3":{"loc":{"start":{"line":34,"column":8},"end":{"line":36,"column":9}},"type":"if","locations":[{"start":{"line":34,"column":8},"end":{"line":36,"column":9}},{"start":{},"end":{}}],"line":34},"4":{"loc":{"start":{"line":34,"column":12},"end":{"line":34,"column":28}},"type":"binary-expr","locations":[{"start":{"line":34,"column":12},"end":{"line":34,"column":18}},{"start":{"line":34,"column":22},"end":{"line":34,"column":28}}],"line":34},"5":{"loc":{"start":{"line":45,"column":8},"end":{"line":47,"column":9}},"type":"if","locations":[{"start":{"line":45,"column":8},"end":{"line":47,"column":9}},{"start":{},"end":{}}],"line":45},"6":{"loc":{"start":{"line":51,"column":8},"end":{"line":53,"column":9}},"type":"if","locations":[{"start":{"line":51,"column":8},"end":{"line":53,"column":9}},{"start":{},"end":{}}],"line":51}},"s":{"0":1,"1":1,"2":1,"3":1,"4":2,"5":2,"6":2,"7":1,"8":1,"9":1,"10":1,"11":0,"12":0,"13":0,"14":1,"15":0,"16":0,"17":0,"18":0,"19":0,"20":0,"21":0,"22":0,"23":0,"24":0,"25":0,"26":0,"27":0,"28":0},"f":{"0":2,"1":0},"b":{"0":[1,1],"1":[2,2,1],"2":[0,0],"3":[0,0],"4":[0,0],"5":[0,0],"6":[0,0]},"_coverageSchema":"1a1c01bbd47fc00a2c39e90264f33305004495a9","hash":"686f29b749196dad923b6ea39d674a48eb643706"}
,"C:\\Users\\gilia\\OneDrive\\Documentos\\Estudos\\GitHub\\Estoque_de_Loja_-_CRUD_de_produtos\\src\\middlewares\\auth.middleware.js": {"path":"C:\\Users\\gilia\\OneDrive\\Documentos\\Estudos\\GitHub\\Estoque_de_Loja_-_CRUD_de_produtos\\src\\middlewares\\auth.middleware.js","statementMap":{"0":{"start":{"line":1,"column":12},"end":{"line":1,"column":35}},"1":{"start":{"line":3,"column":0},"end":{"line":19,"column":2}},"2":{"start":{"line":4,"column":23},"end":{"line":4,"column":48}},"3":{"start":{"line":6,"column":4},"end":{"line":8,"column":5}},"4":{"start":{"line":7,"column":8},"end":{"line":7,"column":69}},"5":{"start":{"line":10,"column":18},"end":{"line":10,"column":42}},"6":{"start":{"line":12,"column":4},"end":{"line":18,"column":5}},"7":{"start":{"line":13,"column":24},"end":{"line":13,"column":65}},"8":{"start":{"line":14,"column":8},"end":{"line":14,"column":30}},"9":{"start":{"line":15,"column":8},"end":{"line":15,"column":15}},"10":{"start":{"line":17,"column":8},"end":{"line":17,"column":64}}},"fnMap":{"0":{"name":"(anonymous_0)","decl":{"start":{"line":3,"column":21},"end":{"line":3,"column":22}},"loc":{"start":{"line":3,"column":41},"end":{"line":19,"column":1}},"line":3}},"branchMap":{"0":{"loc":{"start":{"line":6,"column":4},"end":{"line":8,"column":5}},"type":"if","locations":[{"start":{"line":6,"column":4},"end":{"line":8,"column":5}},{"start":{},"end":{}}],"line":6}},"s":{"0":2,"1":2,"2":1,"3":1,"4":1,"5":0,"6":0,"7":0,"8":0,"9":0,"10":0},"f":{"0":1},"b":{"0":[1,0]},"_coverageSchema":"1a1c01bbd47fc00a2c39e90264f33305004495a9","hash":"a879008a23b14e0bca9e91da1be3e2aa1630ac96"}
,"C:\\Users\\gilia\\OneDrive\\Documentos\\Estudos\\GitHub\\Estoque_de_Loja_-_CRUD_de_produtos\\src\\middlewares\\erro.middleware.js": {"path":"C:\\Users\\gilia\\OneDrive\\Documentos\\Estudos\\GitHub\\Estoque_de_Loja_-_CRUD_de_produtos\\src\\middlewares\\erro.middleware.js","statementMap":{"0":{"start":{"line":1,"column":0},"end":{"line":4,"column":1}},"1":{"start":{"line":2,"column":4},"end":{"line":2,"column":24}},"2":{"start":{"line":3,"column":4},"end":{"line":3,"column":70}}},"fnMap":{"0":{"name":"(anonymous_0)","decl":{"start":{"line":1,"column":25},"end":{"line":1,"column":26}},"loc":{"start":{"line":1,"column":51},"end":{"line":4,"column":1}},"line":1}},"branchMap":{},"s":{"0":1,"1":0,"2":0},"f":{"0":0},"b":{},"_coverageSchema":"1a1c01bbd47fc00a2c39e90264f33305004495a9","hash":"d16125032e3ea7e45f14a423bb5e806fc8a3b987"}
,"C:\\Users\\gilia\\OneDrive\\Documentos\\Estudos\\GitHub\\Estoque_de_Loja_-_CRUD_de_produtos\\src\\routes\\produtos.routes.js": {"path":"C:\\Users\\gilia\\OneDrive\\Documentos\\Estudos\\GitHub\\Estoque_de_Loja_-_CRUD_de_produtos\\src\\routes\\produtos.routes.js","statementMap":{"0":{"start":{"line":1,"column":16},"end":{"line":1,"column":34}},"1":{"start":{"line":2,"column":15},"end":{"line":2,"column":31}},"2":{"start":{"line":3,"column":27},"end":{"line":3,"column":72}},"3":{"start":{"line":4,"column":23},"end":{"line":4,"column":64}},"4":{"start":{"line":6,"column":0},"end":{"line":6,"column":72}},"5":{"start":{"line":7,"column":0},"end":{"line":7,"column":75}},"6":{"start":{"line":8,"column":0},"end":{"line":8,"column":75}},"7":{"start":{"line":9,"column":0},"end":{"line":9,"column":75}},"8":{"start":{"line":10,"column":0},"end":{"line":10,"column":79}},"9":{"start":{"line":12,"column":0},"end":{"line":12,"column":24}}},"fnMap":{},"branchMap":{},"s":{"0":1,"1":1,"2":1,"3":1,"4":1,"5":1,"6":1,"7":1,"8":1,"9":1},"f":{},"b":{},"_coverageSchema":"1a1c01bbd47fc00a2c39e90264f33305004495a9","hash":"80cbc410d6f0451cdf2ec1652214dae7f5c0c67e"}
,"C:\\Users\\gilia\\OneDrive\\Documentos\\Estudos\\GitHub\\Estoque_de_Loja_-_CRUD_de_produtos\\src\\routes\\usuarios.routes.js": {"path":"C:\\Users\\gilia\\OneDrive\\Documentos\\Estudos\\GitHub\\Estoque_de_Loja_-_CRUD_de_produtos\\src\\routes\\usuarios.routes.js","statementMap":{"0":{"start":{"line":1,"column":16},"end":{"line":1,"column":34}},"1":{"start":{"line":2,"column":15},"end":{"line":2,"column":31}},"2":{"start":{"line":3,"column":27},"end":{"line":3,"column":72}},"3":{"start":{"line":5,"column":0},"end":{"line":5,"column":56}},"4":{"start":{"line":6,"column":0},"end":{"line":6,"column":48}},"5":{"start":{"line":8,"column":0},"end":{"line":8,"column":24}}},"fnMap":{},"branchMap":{},"s":{"0":1,"1":1,"2":1,"3":1,"4":1,"5":1},"f":{},"b":{},"_coverageSchema":"1a1c01bbd47fc00a2c39e90264f33305004495a9","hash":"f81be2433735d41ee39cc5504284face31522564"}
}
